<?xml version="1.0" encoding="UTF-8"?>
<testng-results ignored="2" total="3" passed="1" failed="0" skipped="0">
  <reporter-output>
  </reporter-output>
  <suite started-at="2022-05-09T17:52:28Z" name="Default suite" finished-at="2022-05-09T17:52:34Z" duration-ms="5518">
    <groups>
    </groups>
    <test started-at="2022-05-09T17:52:28Z" name="Default test" finished-at="2022-05-09T17:52:34Z" duration-ms="5518">
      <class name="com.w2a.testcases.LoginTest">
        <test-method is-config="true" signature="setUp()[pri:0, instance:com.w2a.testcases.LoginTest@3da30852]" started-at="2022-05-09T17:52:23Z" name="setUp" finished-at="2022-05-09T17:52:28Z" duration-ms="5067" status="PASS">
          <reporter-output>
          </reporter-output>
        </test-method> <!-- setUp -->
        <test-method signature="loginBankManager()[pri:0, instance:com.w2a.testcases.LoginTest@3da30852]" started-at="2022-05-09T17:52:29Z" name="loginBankManager" finished-at="2022-05-09T17:52:34Z" duration-ms="5459" status="PASS">
          <reporter-output>
          </reporter-output>
        </test-method> <!-- loginBankManager -->
        <test-method is-config="true" signature="tearDown()[pri:0, instance:com.w2a.testcases.LoginTest@3da30852]" started-at="2022-05-09T17:52:34Z" name="tearDown" finished-at="2022-05-09T17:52:35Z" duration-ms="920" status="PASS">
          <reporter-output>
          </reporter-output>
        </test-method> <!-- tearDown -->
      </class> <!-- com.w2a.testcases.LoginTest -->
    </test> <!-- Default test -->
  </suite> <!-- Default suite -->
</testng-results>
